Flow report for freq_divider
Sat Sep 19 16:35:34 2020
Quartus II 64-Bit Version 15.0.0 Build 145 04/22/2015 SJ Web Edition


---------------------
; Table of Contents ;
---------------------
  1. Legal Notice
  2. Flow Summary
  3. Flow Settings
  4. Flow Non-Default Global Settings
  5. Flow Elapsed Time
  6. Flow OS Summary
  7. Flow Log
  8. Flow Messages
  9. Flow Suppressed Messages



----------------
; Legal Notice ;
----------------
Copyright (C) 1991-2015 Altera Corporation. All rights reserved.
Your use of Altera Corporation's design tools, logic functions 
and other software and tools, and its AMPP partner logic 
functions, and any output files from any of the foregoing 
(including device programming or simulation files), and any 
associated documentation or information are expressly subject 
to the terms and conditions of the Altera Program License 
Subscription Agreement, the Altera Quartus II License Agreement,
the Altera MegaCore Function License Agreement, or other 
applicable license agreement, including, without limitation, 
that your use is for the sole purpose of programming logic 
devices manufactured by Altera and sold by Altera or its 
authorized distributors.  Please refer to the applicable 
agreement for further details.



+------------------------------------------------------------------------------+
; Flow Summary                                                                 ;
+---------------------------------+--------------------------------------------+
; Flow Status                     ; Successful - Sat Sep 19 16:35:34 2020      ;
; Quartus II 64-Bit Version       ; 15.0.0 Build 145 04/22/2015 SJ Web Edition ;
; Revision Name                   ; freq_divider                               ;
; Top-level Entity Name           ; freq_divider                               ;
; Family                          ; Cyclone V                                  ;
; Device                          ; 5CGXFC5C6F27C7                             ;
; Timing Models                   ; Final                                      ;
; Logic utilization (in ALMs)     ; 24 / 29,080 ( < 1 % )                      ;
; Total registers                 ; 33                                         ;
; Total pins                      ; 3 / 364 ( < 1 % )                          ;
; Total virtual pins              ; 0                                          ;
; Total block memory bits         ; 0 / 4,567,040 ( 0 % )                      ;
; Total DSP Blocks                ; 0 / 150 ( 0 % )                            ;
; Total HSSI RX PCSs              ; 0 / 6 ( 0 % )                              ;
; Total HSSI PMA RX Deserializers ; 0 / 6 ( 0 % )                              ;
; Total HSSI TX PCSs              ; 0 / 6 ( 0 % )                              ;
; Total HSSI PMA TX Serializers   ; 0 / 6 ( 0 % )                              ;
; Total PLLs                      ; 0 / 12 ( 0 % )                             ;
; Total DLLs                      ; 0 / 4 ( 0 % )                              ;
+---------------------------------+--------------------------------------------+


+-----------------------------------------+
; Flow Settings                           ;
+-------------------+---------------------+
; Option            ; Setting             ;
+-------------------+---------------------+
; Start date & time ; 09/19/2020 16:33:23 ;
; Main task         ; Compilation         ;
; Revision Name     ; freq_divider        ;
+-------------------+---------------------+


+---------------------------------------------------------------------------------------------------------------------+
; Flow Non-Default Global Settings                                                                                    ;
+-------------------------------------+--------------------------------+---------------+-------------+----------------+
; Assignment Name                     ; Value                          ; Default Value ; Entity Name ; Section Id     ;
+-------------------------------------+--------------------------------+---------------+-------------+----------------+
; COMPILER_SIGNATURE_ID               ; 53447169493194.160052600302056 ; --            ; --          ; --             ;
; EDA_OUTPUT_DATA_FORMAT              ; Vhdl                           ; --            ; --          ; eda_simulation ;
; EDA_SIMULATION_TOOL                 ; ModelSim-Altera (VHDL)         ; <None>        ; --          ; --             ;
; MAX_CORE_JUNCTION_TEMP              ; 85                             ; --            ; --          ; --             ;
; MIN_CORE_JUNCTION_TEMP              ; 0                              ; --            ; --          ; --             ;
; PARTITION_COLOR                     ; 16764057                       ; --            ; --          ; Top            ;
; PARTITION_FITTER_PRESERVATION_LEVEL ; PLACEMENT_AND_ROUTING          ; --            ; --          ; Top            ;
; PARTITION_NETLIST_TYPE              ; SOURCE                         ; --            ; --          ; Top            ;
; PROJECT_OUTPUT_DIRECTORY            ; output_files                   ; --            ; --          ; --             ;
+-------------------------------------+--------------------------------+---------------+-------------+----------------+


+-------------------------------------------------------------------------------------------------------------------------------+
; Flow Elapsed Time                                                                                                             ;
+---------------------------+--------------+-------------------------+---------------------+------------------------------------+
; Module Name               ; Elapsed Time ; Average Processors Used ; Peak Virtual Memory ; Total CPU Time (on all processors) ;
+---------------------------+--------------+-------------------------+---------------------+------------------------------------+
; Analysis & Synthesis      ; 00:00:19     ; 1.0                     ; 4905 MB             ; 00:00:25                           ;
; Fitter                    ; 00:01:04     ; 1.0                     ; 6036 MB             ; 00:00:39                           ;
; Assembler                 ; 00:00:16     ; 1.0                     ; 4871 MB             ; 00:00:09                           ;
; TimeQuest Timing Analyzer ; 00:00:12     ; 1.0                     ; 5104 MB             ; 00:00:06                           ;
; EDA Netlist Writer        ; 00:00:02     ; 1.0                     ; 4782 MB             ; 00:00:01                           ;
; Total                     ; 00:01:53     ; --                      ; --                  ; 00:01:20                           ;
+---------------------------+--------------+-------------------------+---------------------+------------------------------------+


+----------------------------------------------------------------------------------------+
; Flow OS Summary                                                                        ;
+---------------------------+------------------+-----------+------------+----------------+
; Module Name               ; Machine Hostname ; OS Name   ; OS Version ; Processor type ;
+---------------------------+------------------+-----------+------------+----------------+
; Analysis & Synthesis      ; DESKTOP-6EJOA9D  ; Windows 7 ; 6.2        ; x86_64         ;
; Fitter                    ; DESKTOP-6EJOA9D  ; Windows 7 ; 6.2        ; x86_64         ;
; Assembler                 ; DESKTOP-6EJOA9D  ; Windows 7 ; 6.2        ; x86_64         ;
; TimeQuest Timing Analyzer ; DESKTOP-6EJOA9D  ; Windows 7 ; 6.2        ; x86_64         ;
; EDA Netlist Writer        ; DESKTOP-6EJOA9D  ; Windows 7 ; 6.2        ; x86_64         ;
+---------------------------+------------------+-----------+------------+----------------+


------------
; Flow Log ;
------------
quartus_map --read_settings_files=on --write_settings_files=off freq_divider -c freq_divider
quartus_fit --read_settings_files=off --write_settings_files=off freq_divider -c freq_divider
quartus_asm --read_settings_files=off --write_settings_files=off freq_divider -c freq_divider
quartus_sta freq_divider -c freq_divider
quartus_eda --read_settings_files=off --write_settings_files=off freq_divider -c freq_divider



